-------------------------------------------------------------------------------
Test set: hu.bme.mit.spaceship.SystemTests
-------------------------------------------------------------------------------
Tests run: 3, Failures: 0, Errors: 0, Skipped: 0, Time elapsed: 0.113 s - in hu.bme.mit.spaceship.SystemTests
hu.bme.mit.spaceship.SystemTests.runCommandsFromFile_Success(Path, Path)[1]  Time elapsed: 0.052 s
hu.bme.mit.spaceship.SystemTests.runCommandsFromFile_Success(Path, Path)[2]  Time elapsed: 0.003 s
hu.bme.mit.spaceship.SystemTests.runCommandsFromFile_Success(Path, Path)[3]  Time elapsed: 0.002 s
